# JRE version: OpenJDK Runtime Environment Temurin-21.0.10+7 (21.0.10+7) (build 21.0.10+7-LTS)
# Java VM: OpenJDK 64-Bit Server VM Temurin-21.0.10+7 (21.0.10+7-LTS, mixed mode, sharing, tiered, compressed oops, compressed class ptrs, parallel gc, windows-amd64)
GC Precious Log:
 CardTable entry size: 512
 CPUs: 8 total, 8 available
 Memory: 7865M
 Large Page Support: Disabled
 NUMA Support: Disabled
 Compressed Oops: Enabled (32-bit)
 Alignments: Space 512K, Generation 512K, Heap 2M
 Heap Min Capacity: 100M
 Heap Initial Capacity: 100M
 Heap Max Capacity: 2G
 Pre-touch: Disabled
 Parallel Workers: 8
Heap:
 PSYoungGen      total 12800K, used 12058K [0x00000000d5580000, 0x00000000d6600000, 0x0000000100000000)
  eden space 11776K, 97% used [0x00000000d5580000,0x00000000d60b6bd0,0x00000000d6100000)
  from space 1024K, 56% used [0x00000000d6400000,0x00000000d648fc48,0x00000000d6500000)
  to   space 1024K, 0% used [0x00000000d6500000,0x00000000d6500000,0x00000000d6600000)
 ParOldGen       total 540160K, used 539858K [0x0000000080000000, 0x00000000a0f80000, 0x00000000d5580000)
  object space 540160K, 99% used [0x0000000080000000,0x00000000a0f34ab8,0x00000000a0f80000)
 Metaspace       used 81383K, committed 83008K, reserved 1179648K
  class space    used 8843K, committed 9600K, reserved 1048576K
GC Heap History (20 events):
Event: 1534.080 GC heap before
{Heap before GC invocations=493 (full 3):
 PSYoungGen      total 16384K, used 16031K [0x00000000d5580000, 0x00000000d6c80000, 0x0000000100000000)
  eden space 9728K, 99% used [0x00000000d5580000,0x00000000d5effff8,0x00000000d5f00000)
  from space 6656K, 94% used [0x00000000d5f00000,0x00000000d6528000,0x00000000d6580000)
  to   space 6656K, 0% used [0x00000000d6600000,0x00000000d6600000,0x00000000d6c80000)
 ParOldGen       total 526336K, used 525833K [0x0000000080000000, 0x00000000a0200000, 0x00000000d5580000)
  object space 526336K, 99% used [0x0000000080000000,0x00000000a0182648,0x00000000a0200000)
 Metaspace       used 73878K, committed 75520K, reserved 1179648K
  class space    used 7991K, committed 8704K, reserved 1048576K
}
Event: 1534.087 GC heap after
{Heap after GC invocations=493 (full 3):
 PSYoungGen      total 12800K, used 975K [0x00000000d5580000, 0x00000000d6700000, 0x0000000100000000)
  eden space 11776K, 0% used [0x00000000d5580000,0x00000000d5580000,0x00000000d6100000)
  from space 1024K, 95% used [0x00000000d6600000,0x00000000d66f3e28,0x00000000d6700000)
  to   space 3072K, 0% used [0x00000000d6100000,0x00000000d6100000,0x00000000d6400000)
 ParOldGen       total 532480K, used 532121K [0x0000000080000000, 0x00000000a0800000, 0x00000000d5580000)
  object space 532480K, 99% used [0x0000000080000000,0x00000000a07a6648,0x00000000a0800000)
 Metaspace       used 73878K, committed 75520K, reserved 1179648K
  class space    used 7991K, committed 8704K, reserved 1048576K
}
Event: 1534.129 GC heap before
{Heap before GC invocations=494 (full 3):
 PSYoungGen      total 12800K, used 12751K [0x00000000d5580000, 0x00000000d6700000, 0x0000000100000000)
  eden space 11776K, 99% used [0x00000000d5580000,0x00000000d60fffb0,0x00000000d6100000)
  from space 1024K, 95% used [0x00000000d6600000,0x00000000d66f3e28,0x00000000d6700000)
  to   space 3072K, 0% used [0x00000000d6100000,0x00000000d6100000,0x00000000d6400000)
 ParOldGen       total 532480K, used 532121K [0x0000000080000000, 0x00000000a0800000, 0x00000000d5580000)
  object space 532480K, 99% used [0x0000000080000000,0x00000000a07a6648,0x00000000a0800000)
 Metaspace       used 74029K, committed 75584K, reserved 1179648K
  class space    used 8001K, committed 8704K, reserved 1048576K
}
Event: 1534.134 GC heap after
{Heap after GC invocations=494 (full 3):
 PSYoungGen      total 14848K, used 655K [0x00000000d5580000, 0x00000000d6680000, 0x0000000100000000)
  eden space 11776K, 0% used [0x00000000d5580000,0x00000000d5580000,0x00000000d6100000)
  from space 3072K, 21% used [0x00000000d6100000,0x00000000d61a3d50,0x00000000d6400000)
  to   space 1536K, 0% used [0x00000000d6500000,0x00000000d6500000,0x00000000d6680000)
 ParOldGen       total 532992K, used 532832K [0x0000000080000000, 0x00000000a0880000, 0x00000000d5580000)
  object space 532992K, 99% used [0x0000000080000000,0x00000000a08583e0,0x00000000a0880000)
 Metaspace       used 74029K, committed 75584K, reserved 1179648K
  class space    used 8001K, committed 8704K, reserved 1048576K
}
Event: 1534.386 GC heap before
{Heap before GC invocations=495 (full 3):
 PSYoungGen      total 14848K, used 12431K [0x00000000d5580000, 0x00000000d6680000, 0x0000000100000000)
  eden space 11776K, 100% used [0x00000000d5580000,0x00000000d6100000,0x00000000d6100000)
  from space 3072K, 21% used [0x00000000d6100000,0x00000000d61a3d50,0x00000000d6400000)
  to   space 1536K, 0% used [0x00000000d6500000,0x00000000d6500000,0x00000000d6680000)
 ParOldGen       total 532992K, used 532832K [0x0000000080000000, 0x00000000a0880000, 0x00000000d5580000)
  object space 532992K, 99% used [0x0000000080000000,0x00000000a08583e0,0x00000000a0880000)
 Metaspace       used 75031K, committed 76608K, reserved 1179648K
  class space    used 8076K, committed 8768K, reserved 1048576K
}
Event: 1534.390 GC heap after
{Heap after GC invocations=495 (full 3):
 PSYoungGen      total 13312K, used 1507K [0x00000000d5580000, 0x00000000d6680000, 0x0000000100000000)
  eden space 11776K, 0% used [0x00000000d5580000,0x00000000d5580000,0x00000000d6100000)
  from space 1536K, 98% used [0x00000000d6500000,0x00000000d6678df8,0x00000000d6680000)
  to   space 2560K, 0% used [0x00000000d6180000,0x00000000d6180000,0x00000000d6400000)
 ParOldGen       total 533504K, used 533154K [0x0000000080000000, 0x00000000a0900000, 0x00000000d5580000)
  object space 533504K, 99% used [0x0000000080000000,0x00000000a08a8968,0x00000000a0900000)
 Metaspace       used 75031K, committed 76608K, reserved 1179648K
  class space    used 8076K, committed 8768K, reserved 1048576K
}
Event: 1534.562 GC heap before
{Heap before GC invocations=496 (full 3):
 PSYoungGen      total 13312K, used 13283K [0x00000000d5580000, 0x00000000d6680000, 0x0000000100000000)
  eden space 11776K, 100% used [0x00000000d5580000,0x00000000d6100000,0x00000000d6100000)
  from space 1536K, 98% used [0x00000000d6500000,0x00000000d6678df8,0x00000000d6680000)
  to   space 2560K, 0% used [0x00000000d6180000,0x00000000d6180000,0x00000000d6400000)
 ParOldGen       total 533504K, used 533154K [0x0000000080000000, 0x00000000a0900000, 0x00000000d5580000)
  object space 533504K, 99% used [0x0000000080000000,0x00000000a08a8968,0x00000000a0900000)
 Metaspace       used 75870K, committed 77376K, reserved 1179648K
  class space    used 8163K, committed 8832K, reserved 1048576K
}
Event: 1534.567 GC heap after
{Heap after GC invocations=496 (full 3):
 PSYoungGen      total 14336K, used 480K [0x00000000d5580000, 0x00000000d6580000, 0x0000000100000000)
  eden space 11776K, 0% used [0x00000000d5580000,0x00000000d5580000,0x00000000d6100000)
  from space 2560K, 18% used [0x00000000d6180000,0x00000000d61f8000,0x00000000d6400000)
  to   space 1024K, 0% used [0x00000000d6480000,0x00000000d6480000,0x00000000d6580000)
 ParOldGen       total 534528K, used 534511K [0x0000000080000000, 0x00000000a0a00000, 0x00000000d5580000)
  object space 534528K, 99% used [0x0000000080000000,0x00000000a09fbf70,0x00000000a0a00000)
 Metaspace       used 75870K, committed 77376K, reserved 1179648K
  class space    used 8163K, committed 8832K, reserved 1048576K
}
Event: 1544.469 GC heap before
{Heap before GC invocations=497 (full 3):
 PSYoungGen      total 14336K, used 12246K [0x00000000d5580000, 0x00000000d6580000, 0x0000000100000000)
  eden space 11776K, 99% used [0x00000000d5580000,0x00000000d60fd9b0,0x00000000d6100000)
  from space 2560K, 18% used [0x00000000d6180000,0x00000000d61f8000,0x00000000d6400000)
  to   space 1024K, 0% used [0x00000000d6480000,0x00000000d6480000,0x00000000d6580000)
 ParOldGen       total 534528K, used 534511K [0x0000000080000000, 0x00000000a0a00000, 0x00000000d5580000)
  object space 534528K, 99% used [0x0000000080000000,0x00000000a09fbf70,0x00000000a0a00000)
 Metaspace       used 77191K, committed 78784K, reserved 1179648K
  class space    used 8360K, committed 9088K, reserved 1048576K
}
Event: 1544.471 GC heap after
{Heap after GC invocations=497 (full 3):
 PSYoungGen      total 12800K, used 736K [0x00000000d5580000, 0x00000000d6580000, 0x0000000100000000)
  eden space 11776K, 0% used [0x00000000d5580000,0x00000000d5580000,0x00000000d6100000)
  from space 1024K, 71% used [0x00000000d6480000,0x00000000d6538020,0x00000000d6580000)
  to   space 1024K, 0% used [0x00000000d6380000,0x00000000d6380000,0x00000000d6480000)
 ParOldGen       total 535040K, used 534854K [0x0000000080000000, 0x00000000a0a80000, 0x00000000d5580000)
  object space 535040K, 99% used [0x0000000080000000,0x00000000a0a519e0,0x00000000a0a80000)
 Metaspace       used 77191K, committed 78784K, reserved 1179648K
  class space    used 8360K, committed 9088K, reserved 1048576K
}
Event: 1547.114 GC heap before
{Heap before GC invocations=498 (full 3):
 PSYoungGen      total 12800K, used 12512K [0x00000000d5580000, 0x00000000d6580000, 0x0000000100000000)
  eden space 11776K, 100% used [0x00000000d5580000,0x00000000d6100000,0x00000000d6100000)
  from space 1024K, 71% used [0x00000000d6480000,0x00000000d6538020,0x00000000d6580000)
  to   space 1024K, 0% used [0x00000000d6380000,0x00000000d6380000,0x00000000d6480000)
 ParOldGen       total 535040K, used 534854K [0x0000000080000000, 0x00000000a0a80000, 0x00000000d5580000)
  object space 535040K, 99% used [0x0000000080000000,0x00000000a0a519e0,0x00000000a0a80000)
 Metaspace       used 77499K, committed 79040K, reserved 1179648K
  class space    used 8398K, committed 9088K, reserved 1048576K
}
Event: 1547.120 GC heap after
{Heap after GC invocations=498 (full 3):
 PSYoungGen      total 12800K, used 1018K [0x00000000d5580000, 0x00000000d6c00000, 0x0000000100000000)
  eden space 11776K, 0% used [0x00000000d5580000,0x00000000d5580000,0x00000000d6100000)
  from space 1024K, 99% used [0x00000000d6380000,0x00000000d647e820,0x00000000d6480000)
  to   space 5632K, 0% used [0x00000000d6680000,0x00000000d6680000,0x00000000d6c00000)
 ParOldGen       total 538624K, used 538559K [0x0000000080000000, 0x00000000a0e00000, 0x00000000d5580000)
  object space 538624K, 99% used [0x0000000080000000,0x00000000a0defc00,0x00000000a0e00000)
 Metaspace       used 77499K, committed 79040K, reserved 1179648K
  class space    used 8398K, committed 9088K, reserved 1048576K
}
Event: 1548.036 GC heap before
{Heap before GC invocations=499 (full 3):
 PSYoungGen      total 12800K, used 12792K [0x00000000d5580000, 0x00000000d6c00000, 0x0000000100000000)
  eden space 11776K, 99% used [0x00000000d5580000,0x00000000d60ffae8,0x00000000d6100000)
  from space 1024K, 99% used [0x00000000d6380000,0x00000000d647e820,0x00000000d6480000)
  to   space 5632K, 0% used [0x00000000d6680000,0x00000000d6680000,0x00000000d6c00000)
 ParOldGen       total 538624K, used 538559K [0x0000000080000000, 0x00000000a0e00000, 0x00000000d5580000)
  object space 538624K, 99% used [0x0000000080000000,0x00000000a0defc00,0x00000000a0e00000)
 Metaspace       used 77561K, committed 79104K, reserved 1179648K
  class space    used 8405K, committed 9088K, reserved 1048576K
}
Event: 1548.039 GC heap after
{Heap after GC invocations=499 (full 3):
 PSYoungGen      total 13312K, used 1048K [0x00000000d5580000, 0x00000000d6800000, 0x0000000100000000)
  eden space 11776K, 0% used [0x00000000d5580000,0x00000000d5580000,0x00000000d6100000)
  from space 1536K, 68% used [0x00000000d6680000,0x00000000d6786338,0x00000000d6800000)
  to   space 2560K, 0% used [0x00000000d6300000,0x00000000d6300000,0x00000000d6580000)
 ParOldGen       total 539136K, used 538982K [0x0000000080000000, 0x00000000a0e80000, 0x00000000d5580000)
  object space 539136K, 99% used [0x0000000080000000,0x00000000a0e59a28,0x00000000a0e80000)
 Metaspace       used 77561K, committed 79104K, reserved 1179648K
  class space    used 8405K, committed 9088K, reserved 1048576K
}
Event: 1810.075 GC heap before
{Heap before GC invocations=500 (full 3):
 PSYoungGen      total 13312K, used 12824K [0x00000000d5580000, 0x00000000d6800000, 0x0000000100000000)
  eden space 11776K, 100% used [0x00000000d5580000,0x00000000d6100000,0x00000000d6100000)
  from space 1536K, 68% used [0x00000000d6680000,0x00000000d6786338,0x00000000d6800000)
  to   space 2560K, 0% used [0x00000000d6300000,0x00000000d6300000,0x00000000d6580000)
 ParOldGen       total 539136K, used 538982K [0x0000000080000000, 0x00000000a0e80000, 0x00000000d5580000)
  object space 539136K, 99% used [0x0000000080000000,0x00000000a0e59a28,0x00000000a0e80000)
 Metaspace       used 77777K, committed 79296K, reserved 1179648K
  class space    used 8415K, committed 9088K, reserved 1048576K
}
Event: 1810.079 GC heap after
{Heap after GC invocations=500 (full 3):
 PSYoungGen      total 14336K, used 1036K [0x00000000d5580000, 0x00000000d6700000, 0x0000000100000000)
  eden space 11776K, 0% used [0x00000000d5580000,0x00000000d5580000,0x00000000d6100000)
  from space 2560K, 40% used [0x00000000d6300000,0x00000000d64030b0,0x00000000d6580000)
  to   space 1536K, 0% used [0x00000000d6580000,0x00000000d6580000,0x00000000d6700000)
 ParOldGen       total 539648K, used 539494K [0x0000000080000000, 0x00000000a0f00000, 0x00000000d5580000)
  object space 539648K, 99% used [0x0000000080000000,0x00000000a0ed9a48,0x00000000a0f00000)
 Metaspace       used 77777K, committed 79296K, reserved 1179648K
  class space    used 8415K, committed 9088K, reserved 1048576K
}
Event: 1810.410 GC heap before
{Heap before GC invocations=501 (full 3):
 PSYoungGen      total 14336K, used 12812K [0x00000000d5580000, 0x00000000d6700000, 0x0000000100000000)
  eden space 11776K, 100% used [0x00000000d5580000,0x00000000d6100000,0x00000000d6100000)
  from space 2560K, 40% used [0x00000000d6300000,0x00000000d64030b0,0x00000000d6580000)
  to   space 1536K, 0% used [0x00000000d6580000,0x00000000d6580000,0x00000000d6700000)
 ParOldGen       total 539648K, used 539494K [0x0000000080000000, 0x00000000a0f00000, 0x00000000d5580000)
  object space 539648K, 99% used [0x0000000080000000,0x00000000a0ed9a48,0x00000000a0f00000)
 Metaspace       used 78638K, committed 80256K, reserved 1179648K
  class space    used 8508K, committed 9216K, reserved 1048576K
}
Event: 1810.414 GC heap after
{Heap after GC invocations=501 (full 3):
 PSYoungGen      total 12288K, used 313K [0x00000000d5580000, 0x00000000d6600000, 0x0000000100000000)
  eden space 11776K, 0% used [0x00000000d5580000,0x00000000d5580000,0x00000000d6100000)
  from space 512K, 61% used [0x00000000d6580000,0x00000000d65ce5d8,0x00000000d6600000)
  to   space 1024K, 0% used [0x00000000d6400000,0x00000000d6400000,0x00000000d6500000)
 ParOldGen       total 539648K, used 539630K [0x0000000080000000, 0x00000000a0f00000, 0x00000000d5580000)
  object space 539648K, 99% used [0x0000000080000000,0x00000000a0efba68,0x00000000a0f00000)
 Metaspace       used 78638K, committed 80256K, reserved 1179648K
  class space    used 8508K, committed 9216K, reserved 1048576K
}
Event: 1812.503 GC heap before
{Heap before GC invocations=502 (full 3):
 PSYoungGen      total 12288K, used 12085K [0x00000000d5580000, 0x00000000d6600000, 0x0000000100000000)
  eden space 11776K, 99% used [0x00000000d5580000,0x00000000d60ff1d0,0x00000000d6100000)
  from space 512K, 61% used [0x00000000d6580000,0x00000000d65ce5d8,0x00000000d6600000)
  to   space 1024K, 0% used [0x00000000d6400000,0x00000000d6400000,0x00000000d6500000)
 ParOldGen       total 539648K, used 539630K [0x0000000080000000, 0x00000000a0f00000, 0x00000000d5580000)
  object space 539648K, 99% used [0x0000000080000000,0x00000000a0efba68,0x00000000a0f00000)
 Metaspace       used 80583K, committed 82240K, reserved 1179648K
  class space    used 8765K, committed 9472K, reserved 1048576K
}
Event: 1812.507 GC heap after
{Heap after GC invocations=502 (full 3):
 PSYoungGen      total 12800K, used 575K [0x00000000d5580000, 0x00000000d6600000, 0x0000000100000000)
  eden space 11776K, 0% used [0x00000000d5580000,0x00000000d5580000,0x00000000d6100000)
  from space 1024K, 56% used [0x00000000d6400000,0x00000000d648fc48,0x00000000d6500000)
  to   space 1024K, 0% used [0x00000000d6500000,0x00000000d6500000,0x00000000d6600000)
 ParOldGen       total 540160K, used 539858K [0x0000000080000000, 0x00000000a0f80000, 0x00000000d5580000)
  object space 540160K, 99% used [0x0000000080000000,0x00000000a0f34ab8,0x00000000a0f80000)
 Metaspace       used 80583K, committed 82240K, reserved 1179648K
  class space    used 8765K, committed 9472K, reserved 1048576K
}

